# JRE version: OpenJDK Runtime Environment (8.0_171-b11) (build 1.8.0_171-8u171-b11-0ubuntu0.18.04.1-b11)
# Java VM: OpenJDK 64-Bit Server VM (25.171-b11 mixed mode linux-amd64 compressed oops)
Heap:
 PSYoungGen      total 122368K, used 8697K [0x00000000eb700000, 0x00000000f4100000, 0x0000000100000000)
  eden space 113664K, 0% used [0x00000000eb700000,0x00000000eb700000,0x00000000f2600000)
  from space 8704K, 99% used [0x00000000f3000000,0x00000000f387e688,0x00000000f3880000)
  to   space 7680K, 0% used [0x00000000f3980000,0x00000000f3980000,0x00000000f4100000)
 ParOldGen       total 30208K, used 11030K [0x00000000c2400000, 0x00000000c4180000, 0x00000000eb700000)
  object space 30208K, 36% used [0x00000000c2400000,0x00000000c2ec58d8,0x00000000c4180000)
 Metaspace       used 26100K, capacity 27168K, committed 27312K, reserved 1073152K
  class space    used 3459K, capacity 3716K, committed 3760K, reserved 1048576K
GC Heap History (10 events):
Event: 2,698 GC heap after
Heap after GC invocations=5 (full 0):
 PSYoungGen      total 34304K, used 2544K [0x00000000eb700000, 0x00000000f0000000, 0x0000000100000000)
  eden space 31744K, 0% used [0x00000000eb700000,0x00000000eb700000,0x00000000ed600000)
  from space 2560K, 99% used [0x00000000ed600000,0x00000000ed87c010,0x00000000ed880000)
  to   space 5632K, 0% used [0x00000000efa80000,0x00000000efa80000,0x00000000f0000000)
 ParOldGen       total 42496K, used 5116K [0x00000000c2400000, 0x00000000c4d80000, 0x00000000eb700000)
  object space 42496K, 12% used [0x00000000c2400000,0x00000000c28ff290,0x00000000c4d80000)
 Metaspace       used 14192K, capacity 14578K, committed 14720K, reserved 1062912K
  class space    used 1799K, capacity 1920K, committed 1920K, reserved 1048576K
}
Event: 2,962 GC heap before
{Heap before GC invocations=6 (full 0):
 PSYoungGen      total 34304K, used 34288K [0x00000000eb700000, 0x00000000f0000000, 0x0000000100000000)
  eden space 31744K, 100% used [0x00000000eb700000,0x00000000ed600000,0x00000000ed600000)
  from space 2560K, 99% used [0x00000000ed600000,0x00000000ed87c010,0x00000000ed880000)
  to   space 5632K, 0% used [0x00000000efa80000,0x00000000efa80000,0x00000000f0000000)
 ParOldGen       total 42496K, used 5116K [0x00000000c2400000, 0x00000000c4d80000, 0x00000000eb700000)
  object space 42496K, 12% used [0x00000000c2400000,0x00000000c28ff290,0x00000000c4d80000)
 Metaspace       used 16116K, capacity 16600K, committed 16640K, reserved 1062912K
  class space    used 2122K, capacity 2265K, committed 2304K, reserved 1048576K
Event: 2,969 GC heap after
Heap after GC invocations=6 (full 0):
 PSYoungGen      total 68608K, used 5186K [0x00000000eb700000, 0x00000000f0100000, 0x0000000100000000)
  eden space 62976K, 0% used [0x00000000eb700000,0x00000000eb700000,0x00000000ef480000)
  from space 5632K, 92% used [0x00000000efa80000,0x00000000eff90930,0x00000000f0000000)
  to   space 6144K, 0% used [0x00000000ef480000,0x00000000ef480000,0x00000000efa80000)
 ParOldGen       total 42496K, used 5124K [0x00000000c2400000, 0x00000000c4d80000, 0x00000000eb700000)
  object space 42496K, 12% used [0x00000000c2400000,0x00000000c2901290,0x00000000c4d80000)
 Metaspace       used 16116K, capacity 16600K, committed 16640K, reserved 1062912K
  class space    used 2122K, capacity 2265K, committed 2304K, reserved 1048576K
}
Event: 3,400 GC heap before
{Heap before GC invocations=7 (full 0):
 PSYoungGen      total 68608K, used 41834K [0x00000000eb700000, 0x00000000f0100000, 0x0000000100000000)
  eden space 62976K, 58% used [0x00000000eb700000,0x00000000edaca0c0,0x00000000ef480000)
  from space 5632K, 92% used [0x00000000efa80000,0x00000000eff90930,0x00000000f0000000)
  to   space 6144K, 0% used [0x00000000ef480000,0x00000000ef480000,0x00000000efa80000)
 ParOldGen       total 42496K, used 5124K [0x00000000c2400000, 0x00000000c4d80000, 0x00000000eb700000)
  object space 42496K, 12% used [0x00000000c2400000,0x00000000c2901290,0x00000000c4d80000)
 Metaspace       used 20659K, capacity 21234K, committed 21296K, reserved 1067008K
  class space    used 2657K, capacity 2840K, committed 2864K, reserved 1048576K
Event: 3,418 GC heap after
Heap after GC invocations=7 (full 0):
 PSYoungGen      total 69120K, used 6141K [0x00000000eb700000, 0x00000000f4100000, 0x0000000100000000)
  eden space 62976K, 0% used [0x00000000eb700000,0x00000000eb700000,0x00000000ef480000)
  from space 6144K, 99% used [0x00000000ef480000,0x00000000efa7f568,0x00000000efa80000)
  to   space 7680K, 0% used [0x00000000f3980000,0x00000000f3980000,0x00000000f4100000)
 ParOldGen       total 42496K, used 6544K [0x00000000c2400000, 0x00000000c4d80000, 0x00000000eb700000)
  object space 42496K, 15% used [0x00000000c2400000,0x00000000c2a64268,0x00000000c4d80000)
 Metaspace       used 20659K, capacity 21234K, committed 21296K, reserved 1067008K
  class space    used 2657K, capacity 2840K, committed 2864K, reserved 1048576K
}
Event: 3,418 GC heap before
{Heap before GC invocations=8 (full 1):
 PSYoungGen      total 69120K, used 6141K [0x00000000eb700000, 0x00000000f4100000, 0x0000000100000000)
  eden space 62976K, 0% used [0x00000000eb700000,0x00000000eb700000,0x00000000ef480000)
  from space 6144K, 99% used [0x00000000ef480000,0x00000000efa7f568,0x00000000efa80000)
  to   space 7680K, 0% used [0x00000000f3980000,0x00000000f3980000,0x00000000f4100000)
 ParOldGen       total 42496K, used 6544K [0x00000000c2400000, 0x00000000c4d80000, 0x00000000eb700000)
  object space 42496K, 15% used [0x00000000c2400000,0x00000000c2a64268,0x00000000c4d80000)
 Metaspace       used 20659K, capacity 21234K, committed 21296K, reserved 1067008K
  class space    used 2657K, capacity 2840K, committed 2864K, reserved 1048576K
Event: 3,465 GC heap after
Heap after GC invocations=8 (full 1):
 PSYoungGen      total 69120K, used 0K [0x00000000eb700000, 0x00000000f4100000, 0x0000000100000000)
  eden space 62976K, 0% used [0x00000000eb700000,0x00000000eb700000,0x00000000ef480000)
  from space 6144K, 0% used [0x00000000ef480000,0x00000000ef480000,0x00000000efa80000)
  to   space 7680K, 0% used [0x00000000f3980000,0x00000000f3980000,0x00000000f4100000)
 ParOldGen       total 30208K, used 8038K [0x00000000c2400000, 0x00000000c4180000, 0x00000000eb700000)
  object space 30208K, 26% used [0x00000000c2400000,0x00000000c2bd9b00,0x00000000c4180000)
 Metaspace       used 20659K, capacity 21234K, committed 21296K, reserved 1067008K
  class space    used 2657K, capacity 2840K, committed 2864K, reserved 1048576K
}
Event: 4,375 GC heap before
{Heap before GC invocations=9 (full 1):
 PSYoungGen      total 69120K, used 62976K [0x00000000eb700000, 0x00000000f4100000, 0x0000000100000000)
  eden space 62976K, 100% used [0x00000000eb700000,0x00000000ef480000,0x00000000ef480000)
  from space 6144K, 0% used [0x00000000ef480000,0x00000000ef480000,0x00000000efa80000)
  to   space 7680K, 0% used [0x00000000f3980000,0x00000000f3980000,0x00000000f4100000)
 ParOldGen       total 30208K, used 8038K [0x00000000c2400000, 0x00000000c4180000, 0x00000000eb700000)
  object space 30208K, 26% used [0x00000000c2400000,0x00000000c2bd9b00,0x00000000c4180000)
 Metaspace       used 22672K, capacity 23492K, committed 23728K, reserved 1069056K
  class space    used 2954K, capacity 3170K, committed 3248K, reserved 1048576K
Event: 4,388 GC heap after
Heap after GC invocations=9 (full 1):
 PSYoungGen      total 121344K, used 7402K [0x00000000eb700000, 0x00000000f4100000, 0x0000000100000000)
  eden space 113664K, 0% used [0x00000000eb700000,0x00000000eb700000,0x00000000f2600000)
  from space 7680K, 96% used [0x00000000f3980000,0x00000000f40ba9b0,0x00000000f4100000)
  to   space 8704K, 0% used [0x00000000f3000000,0x00000000f3000000,0x00000000f3880000)
 ParOldGen       total 30208K, used 8110K [0x00000000c2400000, 0x00000000c4180000, 0x00000000eb700000)
  object space 30208K, 26% used [0x00000000c2400000,0x00000000c2bebb10,0x00000000c4180000)
 Metaspace       used 22672K, capacity 23492K, committed 23728K, reserved 1069056K
  class space    used 2954K, capacity 3170K, committed 3248K, reserved 1048576K
}
Event: 6,000 GC heap before
{Heap before GC invocations=10 (full 1):
 PSYoungGen      total 121344K, used 121066K [0x00000000eb700000, 0x00000000f4100000, 0x0000000100000000)
  eden space 113664K, 100% used [0x00000000eb700000,0x00000000f2600000,0x00000000f2600000)
  from space 7680K, 96% used [0x00000000f3980000,0x00000000f40ba9b0,0x00000000f4100000)
  to   space 8704K, 0% used [0x00000000f3000000,0x00000000f3000000,0x00000000f3880000)
 ParOldGen       total 30208K, used 8110K [0x00000000c2400000, 0x00000000c4180000, 0x00000000eb700000)
  object space 30208K, 26% used [0x00000000c2400000,0x00000000c2bebb10,0x00000000c4180000)
 Metaspace       used 26100K, capacity 27168K, committed 27312K, reserved 1073152K
  class space    used 3459K, capacity 3716K, committed 3760K, reserved 1048576K

